{"/home/richard/Documents/future_proof/lap_1/super-coders/src/js/handlers.js": {"path":"/home/richard/Documents/future_proof/lap_1/super-coders/src/js/handlers.js","statementMap":{"0":{"start":{"line":1,"column":16},"end":{"line":1,"column":36}},"1":{"start":{"line":5,"column":2},"end":{"line":8,"column":25}},"2":{"start":{"line":6,"column":17},"end":{"line":6,"column":25}},"3":{"start":{"line":12,"column":17},"end":{"line":43,"column":1}},"4":{"start":{"line":13,"column":2},"end":{"line":13,"column":21}},"5":{"start":{"line":14,"column":14},"end":{"line":14,"column":32}},"6":{"start":{"line":17,"column":15},"end":{"line":21,"column":10}},"7":{"start":{"line":23,"column":15},"end":{"line":27,"column":3}},"8":{"start":{"line":29,"column":18},"end":{"line":35,"column":3}},"9":{"start":{"line":38,"column":2},"end":{"line":38,"column":26}},"10":{"start":{"line":40,"column":2},"end":{"line":42,"column":25}},"11":{"start":{"line":41,"column":17},"end":{"line":41,"column":25}},"12":{"start":{"line":47,"column":2},"end":{"line":47,"column":21}},"13":{"start":{"line":48,"column":18},"end":{"line":48,"column":40}},"14":{"start":{"line":49,"column":14},"end":{"line":52,"column":3}},"15":{"start":{"line":55,"column":22},"end":{"line":55,"column":70}},"16":{"start":{"line":56,"column":13},"end":{"line":56,"column":28}},"17":{"start":{"line":57,"column":2},"end":{"line":57,"column":33}},"18":{"start":{"line":60,"column":19},"end":{"line":60,"column":53}},"19":{"start":{"line":61,"column":2},"end":{"line":61,"column":22}},"20":{"start":{"line":63,"column":15},"end":{"line":65,"column":3}},"21":{"start":{"line":67,"column":18},"end":{"line":73,"column":3}},"22":{"start":{"line":75,"column":2},"end":{"line":75,"column":28}},"23":{"start":{"line":76,"column":17},"end":{"line":76,"column":56}},"24":{"start":{"line":77,"column":2},"end":{"line":79,"column":25}},"25":{"start":{"line":78,"column":17},"end":{"line":78,"column":25}},"26":{"start":{"line":84,"column":2},"end":{"line":87,"column":25}},"27":{"start":{"line":85,"column":17},"end":{"line":85,"column":25}},"28":{"start":{"line":92,"column":2},"end":{"line":92,"column":21}},"29":{"start":{"line":93,"column":16},"end":{"line":93,"column":39}},"30":{"start":{"line":94,"column":16},"end":{"line":94,"column":38}},"31":{"start":{"line":95,"column":15},"end":{"line":95,"column":54}},"32":{"start":{"line":98,"column":24},"end":{"line":98,"column":72}},"33":{"start":{"line":100,"column":18},"end":{"line":105,"column":3}},"34":{"start":{"line":107,"column":2},"end":{"line":115,"column":3}},"35":{"start":{"line":108,"column":4},"end":{"line":108,"column":45}},"36":{"start":{"line":109,"column":9},"end":{"line":115,"column":3}},"37":{"start":{"line":110,"column":4},"end":{"line":110,"column":45}},"38":{"start":{"line":111,"column":4},"end":{"line":111,"column":17}},"39":{"start":{"line":113,"column":4},"end":{"line":113,"column":51}},"40":{"start":{"line":114,"column":4},"end":{"line":114,"column":45}},"41":{"start":{"line":116,"column":2},"end":{"line":116,"column":60}},"42":{"start":{"line":120,"column":20},"end":{"line":120,"column":68}},"43":{"start":{"line":121,"column":2},"end":{"line":121,"column":62}},"44":{"start":{"line":122,"column":2},"end":{"line":125,"column":4}},"45":{"start":{"line":126,"column":2},"end":{"line":126,"column":34}},"46":{"start":{"line":130,"column":20},"end":{"line":130,"column":68}},"47":{"start":{"line":131,"column":2},"end":{"line":131,"column":62}},"48":{"start":{"line":132,"column":2},"end":{"line":135,"column":4}},"49":{"start":{"line":136,"column":2},"end":{"line":136,"column":34}},"50":{"start":{"line":143,"column":18},"end":{"line":145,"column":3}},"51":{"start":{"line":147,"column":2},"end":{"line":149,"column":4}},"52":{"start":{"line":153,"column":2},"end":{"line":153,"column":30}},"53":{"start":{"line":154,"column":2},"end":{"line":164,"column":7}},"54":{"start":{"line":155,"column":17},"end":{"line":155,"column":25}},"55":{"start":{"line":157,"column":6},"end":{"line":157,"column":24}},"56":{"start":{"line":158,"column":17},"end":{"line":158,"column":30}},"57":{"start":{"line":159,"column":6},"end":{"line":159,"column":59}},"58":{"start":{"line":160,"column":6},"end":{"line":160,"column":42}},"59":{"start":{"line":163,"column":6},"end":{"line":163,"column":53}},"60":{"start":{"line":167,"column":0},"end":{"line":175,"column":2}}},"fnMap":{"0":{"name":"getAllBlogs","decl":{"start":{"line":4,"column":9},"end":{"line":4,"column":20}},"loc":{"start":{"line":4,"column":23},"end":{"line":9,"column":1}},"line":4},"1":{"name":"(anonymous_1)","decl":{"start":{"line":6,"column":10},"end":{"line":6,"column":11}},"loc":{"start":{"line":6,"column":17},"end":{"line":6,"column":25}},"line":6},"2":{"name":"(anonymous_2)","decl":{"start":{"line":12,"column":17},"end":{"line":12,"column":18}},"loc":{"start":{"line":12,"column":30},"end":{"line":43,"column":1}},"line":12},"3":{"name":"(anonymous_3)","decl":{"start":{"line":41,"column":10},"end":{"line":41,"column":11}},"loc":{"start":{"line":41,"column":17},"end":{"line":41,"column":25}},"line":41},"4":{"name":"newComment","decl":{"start":{"line":46,"column":9},"end":{"line":46,"column":19}},"loc":{"start":{"line":46,"column":23},"end":{"line":80,"column":1}},"line":46},"5":{"name":"(anonymous_5)","decl":{"start":{"line":78,"column":10},"end":{"line":78,"column":11}},"loc":{"start":{"line":78,"column":17},"end":{"line":78,"column":25}},"line":78},"6":{"name":"getBlog","decl":{"start":{"line":83,"column":9},"end":{"line":83,"column":16}},"loc":{"start":{"line":83,"column":25},"end":{"line":88,"column":1}},"line":83},"7":{"name":"(anonymous_7)","decl":{"start":{"line":85,"column":10},"end":{"line":85,"column":11}},"loc":{"start":{"line":85,"column":17},"end":{"line":85,"column":25}},"line":85},"8":{"name":"updateEmojis","decl":{"start":{"line":91,"column":9},"end":{"line":91,"column":21}},"loc":{"start":{"line":91,"column":25},"end":{"line":117,"column":1}},"line":91},"9":{"name":"incrementEmoji","decl":{"start":{"line":119,"column":9},"end":{"line":119,"column":23}},"loc":{"start":{"line":119,"column":50},"end":{"line":127,"column":1}},"line":119},"10":{"name":"decrementEmoji","decl":{"start":{"line":129,"column":9},"end":{"line":129,"column":23}},"loc":{"start":{"line":129,"column":50},"end":{"line":137,"column":1}},"line":129},"11":{"name":"deleteBlog","decl":{"start":{"line":140,"column":9},"end":{"line":140,"column":19}},"loc":{"start":{"line":140,"column":22},"end":{"line":150,"column":1}},"line":140},"12":{"name":"searchBlog","decl":{"start":{"line":152,"column":9},"end":{"line":152,"column":19}},"loc":{"start":{"line":152,"column":23},"end":{"line":165,"column":1}},"line":152},"13":{"name":"(anonymous_13)","decl":{"start":{"line":155,"column":10},"end":{"line":155,"column":11}},"loc":{"start":{"line":155,"column":17},"end":{"line":155,"column":25}},"line":155},"14":{"name":"(anonymous_14)","decl":{"start":{"line":156,"column":10},"end":{"line":156,"column":11}},"loc":{"start":{"line":156,"column":20},"end":{"line":161,"column":5}},"line":156},"15":{"name":"(anonymous_15)","decl":{"start":{"line":162,"column":11},"end":{"line":162,"column":12}},"loc":{"start":{"line":162,"column":20},"end":{"line":164,"column":5}},"line":162}},"branchMap":{"0":{"loc":{"start":{"line":107,"column":2},"end":{"line":115,"column":3}},"type":"if","locations":[{"start":{"line":107,"column":2},"end":{"line":115,"column":3}},{"start":{"line":109,"column":9},"end":{"line":115,"column":3}}],"line":107},"1":{"loc":{"start":{"line":109,"column":9},"end":{"line":115,"column":3}},"type":"if","locations":[{"start":{"line":109,"column":9},"end":{"line":115,"column":3}},{"start":{"line":112,"column":9},"end":{"line":115,"column":3}}],"line":109}},"s":{"0":3,"1":1,"2":1,"3":3,"4":0,"5":0,"6":0,"7":0,"8":0,"9":0,"10":0,"11":0,"12":0,"13":0,"14":0,"15":0,"16":0,"17":0,"18":0,"19":0,"20":0,"21":0,"22":0,"23":0,"24":0,"25":0,"26":1,"27":1,"28":0,"29":0,"30":0,"31":0,"32":0,"33":0,"34":0,"35":0,"36":0,"37":0,"38":0,"39":0,"40":0,"41":0,"42":0,"43":0,"44":0,"45":0,"46":0,"47":0,"48":0,"49":0,"50":0,"51":0,"52":0,"53":0,"54":0,"55":0,"56":0,"57":0,"58":0,"59":0,"60":3},"f":{"0":1,"1":1,"2":0,"3":0,"4":0,"5":0,"6":1,"7":1,"8":0,"9":0,"10":0,"11":0,"12":0,"13":0,"14":0,"15":0},"b":{"0":[0,0],"1":[0,0]},"_coverageSchema":"1a1c01bbd47fc00a2c39e90264f33305004495a9","hash":"f0091eac06ca97abcba624112aeba90947f3bb23"}
,"/home/richard/Documents/future_proof/lap_1/super-coders/src/js/helpers.js": {"path":"/home/richard/Documents/future_proof/lap_1/super-coders/src/js/helpers.js","statementMap":{"0":{"start":{"line":1,"column":21},"end":{"line":1,"column":56}},"1":{"start":{"line":2,"column":21},"end":{"line":2,"column":56}},"2":{"start":{"line":3,"column":24},"end":{"line":3,"column":62}},"3":{"start":{"line":6,"column":18},"end":{"line":6,"column":57}},"4":{"start":{"line":7,"column":2},"end":{"line":16,"column":13}},"5":{"start":{"line":20,"column":19},"end":{"line":20,"column":60}},"6":{"start":{"line":21,"column":2},"end":{"line":24,"column":5}},"7":{"start":{"line":22,"column":15},"end":{"line":22,"column":60}},"8":{"start":{"line":23,"column":4},"end":{"line":23,"column":53}},"9":{"start":{"line":29,"column":24},"end":{"line":29,"column":65}},"10":{"start":{"line":30,"column":13},"end":{"line":30,"column":52}},"11":{"start":{"line":32,"column":2},"end":{"line":57,"column":3}},"12":{"start":{"line":33,"column":4},"end":{"line":35,"column":5}},"13":{"start":{"line":34,"column":6},"end":{"line":34,"column":15}},"14":{"start":{"line":36,"column":4},"end":{"line":36,"column":49}},"15":{"start":{"line":37,"column":16},"end":{"line":37,"column":58}},"16":{"start":{"line":38,"column":4},"end":{"line":38,"column":29}},"17":{"start":{"line":40,"column":18},"end":{"line":40,"column":62}},"18":{"start":{"line":41,"column":4},"end":{"line":41,"column":45}},"19":{"start":{"line":43,"column":20},"end":{"line":43,"column":66}},"20":{"start":{"line":44,"column":4},"end":{"line":44,"column":49}},"21":{"start":{"line":46,"column":17},"end":{"line":46,"column":60}},"22":{"start":{"line":47,"column":21},"end":{"line":47,"column":55}},"23":{"start":{"line":48,"column":4},"end":{"line":48,"column":32}},"24":{"start":{"line":50,"column":20},"end":{"line":50,"column":62}},"25":{"start":{"line":51,"column":4},"end":{"line":51,"column":65}},"26":{"start":{"line":53,"column":4},"end":{"line":56,"column":5}},"27":{"start":{"line":54,"column":20},"end":{"line":54,"column":69}},"28":{"start":{"line":55,"column":6},"end":{"line":55,"column":57}},"29":{"start":{"line":61,"column":20},"end":{"line":61,"column":64}},"30":{"start":{"line":62,"column":2},"end":{"line":62,"column":46}},"31":{"start":{"line":64,"column":27},"end":{"line":64,"column":78}},"32":{"start":{"line":65,"column":2},"end":{"line":65,"column":48}},"33":{"start":{"line":66,"column":2},"end":{"line":66,"column":45}},"34":{"start":{"line":68,"column":22},"end":{"line":68,"column":71}},"35":{"start":{"line":69,"column":2},"end":{"line":69,"column":48}},"36":{"start":{"line":74,"column":27},"end":{"line":74,"column":71}},"37":{"start":{"line":75,"column":2},"end":{"line":75,"column":24}},"38":{"start":{"line":76,"column":2},"end":{"line":78,"column":3}},"39":{"start":{"line":77,"column":4},"end":{"line":77,"column":56}},"40":{"start":{"line":83,"column":24},"end":{"line":83,"column":65}},"41":{"start":{"line":84,"column":2},"end":{"line":84,"column":47}},"42":{"start":{"line":86,"column":14},"end":{"line":86,"column":44}},"43":{"start":{"line":87,"column":2},"end":{"line":87,"column":21}},"44":{"start":{"line":89,"column":19},"end":{"line":89,"column":55}},"45":{"start":{"line":90,"column":2},"end":{"line":90,"column":54}},"46":{"start":{"line":92,"column":20},"end":{"line":92,"column":57}},"47":{"start":{"line":93,"column":2},"end":{"line":93,"column":41}},"48":{"start":{"line":95,"column":22},"end":{"line":95,"column":61}},"49":{"start":{"line":96,"column":2},"end":{"line":96,"column":45}},"50":{"start":{"line":98,"column":2},"end":{"line":101,"column":3}},"51":{"start":{"line":99,"column":18},"end":{"line":99,"column":60}},"52":{"start":{"line":100,"column":4},"end":{"line":100,"column":49}},"53":{"start":{"line":103,"column":17},"end":{"line":103,"column":56}},"54":{"start":{"line":104,"column":18},"end":{"line":104,"column":66}},"55":{"start":{"line":105,"column":2},"end":{"line":105,"column":37}},"56":{"start":{"line":107,"column":2},"end":{"line":107,"column":31}},"57":{"start":{"line":111,"column":22},"end":{"line":111,"column":65}},"58":{"start":{"line":112,"column":20},"end":{"line":117,"column":3}},"59":{"start":{"line":118,"column":2},"end":{"line":120,"column":3}},"60":{"start":{"line":119,"column":4},"end":{"line":119,"column":44}},"61":{"start":{"line":124,"column":20},"end":{"line":124,"column":63}},"62":{"start":{"line":125,"column":2},"end":{"line":127,"column":5}},"63":{"start":{"line":126,"column":4},"end":{"line":126,"column":48}},"64":{"start":{"line":130,"column":0},"end":{"line":139,"column":2}}},"fnMap":{"0":{"name":"changeSection","decl":{"start":{"line":5,"column":9},"end":{"line":5,"column":22}},"loc":{"start":{"line":5,"column":25},"end":{"line":17,"column":1}},"line":5},"1":{"name":"linkCards","decl":{"start":{"line":19,"column":9},"end":{"line":19,"column":18}},"loc":{"start":{"line":19,"column":21},"end":{"line":25,"column":1}},"line":19},"2":{"name":"(anonymous_2)","decl":{"start":{"line":21,"column":37},"end":{"line":21,"column":38}},"loc":{"start":{"line":21,"column":51},"end":{"line":24,"column":3}},"line":21},"3":{"name":"appendBlogs","decl":{"start":{"line":28,"column":9},"end":{"line":28,"column":20}},"loc":{"start":{"line":28,"column":28},"end":{"line":58,"column":1}},"line":28},"4":{"name":"appendComment","decl":{"start":{"line":60,"column":9},"end":{"line":60,"column":22}},"loc":{"start":{"line":60,"column":37},"end":{"line":70,"column":1}},"line":60},"5":{"name":"appendComments","decl":{"start":{"line":73,"column":9},"end":{"line":73,"column":23}},"loc":{"start":{"line":73,"column":34},"end":{"line":79,"column":1}},"line":73},"6":{"name":"appendBlogContent","decl":{"start":{"line":82,"column":9},"end":{"line":82,"column":26}},"loc":{"start":{"line":82,"column":33},"end":{"line":108,"column":1}},"line":82},"7":{"name":"highlightEmoji","decl":{"start":{"line":110,"column":9},"end":{"line":110,"column":23}},"loc":{"start":{"line":110,"column":33},"end":{"line":121,"column":1}},"line":110},"8":{"name":"toggleEmoji","decl":{"start":{"line":123,"column":9},"end":{"line":123,"column":20}},"loc":{"start":{"line":123,"column":30},"end":{"line":128,"column":1}},"line":123},"9":{"name":"(anonymous_9)","decl":{"start":{"line":125,"column":38},"end":{"line":125,"column":39}},"loc":{"start":{"line":125,"column":44},"end":{"line":127,"column":3}},"line":125}},"branchMap":{"0":{"loc":{"start":{"line":33,"column":4},"end":{"line":35,"column":5}},"type":"if","locations":[{"start":{"line":33,"column":4},"end":{"line":35,"column":5}},{"start":{},"end":{}}],"line":33},"1":{"loc":{"start":{"line":105,"column":2},"end":{"line":105,"column":36}},"type":"binary-expr","locations":[{"start":{"line":105,"column":2},"end":{"line":105,"column":9}},{"start":{"line":105,"column":13},"end":{"line":105,"column":36}}],"line":105}},"s":{"0":4,"1":4,"2":4,"3":3,"4":3,"5":0,"6":0,"7":0,"8":0,"9":1,"10":1,"11":1,"12":1,"13":0,"14":1,"15":1,"16":1,"17":1,"18":1,"19":1,"20":1,"21":1,"22":1,"23":1,"24":1,"25":1,"26":1,"27":3,"28":3,"29":3,"30":3,"31":3,"32":3,"33":3,"34":3,"35":3,"36":1,"37":1,"38":1,"39":2,"40":1,"41":1,"42":1,"43":1,"44":1,"45":1,"46":1,"47":1,"48":1,"49":1,"50":1,"51":3,"52":3,"53":1,"54":1,"55":1,"56":1,"57":1,"58":1,"59":1,"60":4,"61":0,"62":0,"63":0,"64":4},"f":{"0":3,"1":0,"2":0,"3":1,"4":3,"5":1,"6":1,"7":1,"8":0,"9":0},"b":{"0":[0,1],"1":[1,0]},"_coverageSchema":"1a1c01bbd47fc00a2c39e90264f33305004495a9","hash":"995bd30ece760499248b42587bfb34d09501c4d3"}
,"/home/richard/Documents/future_proof/lap_1/super-coders/src/js/templates/blogTemplate.js": {"path":"/home/richard/Documents/future_proof/lap_1/super-coders/src/js/templates/blogTemplate.js","statementMap":{"0":{"start":{"line":1,"column":22},"end":{"line":1,"column":48}},"1":{"start":{"line":2,"column":19},"end":{"line":6,"column":1}},"2":{"start":{"line":8,"column":2},"end":{"line":69,"column":4}},"3":{"start":{"line":72,"column":0},"end":{"line":72,"column":22}}},"fnMap":{"0":{"name":"blog","decl":{"start":{"line":7,"column":9},"end":{"line":7,"column":13}},"loc":{"start":{"line":7,"column":16},"end":{"line":70,"column":1}},"line":7}},"branchMap":{},"s":{"0":4,"1":4,"2":2,"3":4},"f":{"0":2},"b":{},"_coverageSchema":"1a1c01bbd47fc00a2c39e90264f33305004495a9","hash":"55d519bff9b0a751f8be5a16929b2115652792bf"}
,"/home/richard/Documents/future_proof/lap_1/super-coders/src/js/templates/cardTemplate.js": {"path":"/home/richard/Documents/future_proof/lap_1/super-coders/src/js/templates/cardTemplate.js","statementMap":{"0":{"start":{"line":1,"column":26},"end":{"line":1,"column":52}},"1":{"start":{"line":2,"column":19},"end":{"line":6,"column":1}},"2":{"start":{"line":8,"column":2},"end":{"line":66,"column":4}},"3":{"start":{"line":68,"column":0},"end":{"line":68,"column":26}}},"fnMap":{"0":{"name":"blogCard","decl":{"start":{"line":7,"column":9},"end":{"line":7,"column":17}},"loc":{"start":{"line":7,"column":22},"end":{"line":67,"column":1}},"line":7}},"branchMap":{},"s":{"0":4,"1":4,"2":1,"3":4},"f":{"0":1},"b":{},"_coverageSchema":"1a1c01bbd47fc00a2c39e90264f33305004495a9","hash":"f8b500a11093b139b83e50dae3bf201ee4425234"}
,"/home/richard/Documents/future_proof/lap_1/super-coders/src/js/templates/commentTemplate.js": {"path":"/home/richard/Documents/future_proof/lap_1/super-coders/src/js/templates/commentTemplate.js","statementMap":{"0":{"start":{"line":2,"column":2},"end":{"line":10,"column":6}},"1":{"start":{"line":13,"column":0},"end":{"line":13,"column":33}}},"fnMap":{"0":{"name":"commentTemplate","decl":{"start":{"line":1,"column":9},"end":{"line":1,"column":24}},"loc":{"start":{"line":1,"column":30},"end":{"line":11,"column":1}},"line":1}},"branchMap":{},"s":{"0":3,"1":4},"f":{"0":3},"b":{},"_coverageSchema":"1a1c01bbd47fc00a2c39e90264f33305004495a9","hash":"c41007800ee754a55a9c22c6110af08443ba7fe8"}
,"/home/richard/Documents/future_proof/lap_1/super-coders/src/js/templates/emojiTemplate.js": {"path":"/home/richard/Documents/future_proof/lap_1/super-coders/src/js/templates/emojiTemplate.js","statementMap":{"0":{"start":{"line":2,"column":2},"end":{"line":13,"column":4}},"1":{"start":{"line":17,"column":2},"end":{"line":29,"column":2}},"2":{"start":{"line":32,"column":0},"end":{"line":32,"column":46}}},"fnMap":{"0":{"name":"emojiTemplate","decl":{"start":{"line":1,"column":9},"end":{"line":1,"column":22}},"loc":{"start":{"line":1,"column":33},"end":{"line":14,"column":1}},"line":1},"1":{"name":"blogEmoji","decl":{"start":{"line":16,"column":9},"end":{"line":16,"column":18}},"loc":{"start":{"line":16,"column":29},"end":{"line":30,"column":1}},"line":16}},"branchMap":{},"s":{"0":3,"1":7,"2":4},"f":{"0":3,"1":7},"b":{},"_coverageSchema":"1a1c01bbd47fc00a2c39e90264f33305004495a9","hash":"57ebab770cfd2c9d2028cfa4849c1cb208ea85f2"}
}
