TN:
SF:src/js/handlers.js
FN:4,getAllBlogs
FN:6,(anonymous_1)
FN:12,(anonymous_2)
FN:41,(anonymous_3)
FN:46,newComment
FN:78,(anonymous_5)
FN:83,getBlog
FN:85,(anonymous_7)
FN:91,updateEmojis
FN:119,incrementEmoji
FN:129,decrementEmoji
FN:140,deleteBlog
FN:152,searchBlog
FN:155,(anonymous_13)
FN:156,(anonymous_14)
FN:162,(anonymous_15)
FNF:16
FNH:4
FNDA:1,getAllBlogs
FNDA:1,(anonymous_1)
FNDA:0,(anonymous_2)
FNDA:0,(anonymous_3)
FNDA:0,newComment
FNDA:0,(anonymous_5)
FNDA:1,getBlog
FNDA:1,(anonymous_7)
FNDA:0,updateEmojis
FNDA:0,incrementEmoji
FNDA:0,decrementEmoji
FNDA:0,deleteBlog
FNDA:0,searchBlog
FNDA:0,(anonymous_13)
FNDA:0,(anonymous_14)
FNDA:0,(anonymous_15)
DA:1,3
DA:5,1
DA:6,1
DA:12,3
DA:13,0
DA:14,0
DA:17,0
DA:23,0
DA:29,0
DA:38,0
DA:40,0
DA:41,0
DA:47,0
DA:48,0
DA:49,0
DA:55,0
DA:56,0
DA:57,0
DA:60,0
DA:61,0
DA:63,0
DA:67,0
DA:75,0
DA:76,0
DA:77,0
DA:78,0
DA:84,1
DA:85,1
DA:92,0
DA:93,0
DA:94,0
DA:95,0
DA:98,0
DA:100,0
DA:107,0
DA:108,0
DA:109,0
DA:110,0
DA:111,0
DA:113,0
DA:114,0
DA:116,0
DA:120,0
DA:121,0
DA:122,0
DA:126,0
DA:130,0
DA:131,0
DA:132,0
DA:136,0
DA:143,0
DA:147,0
DA:153,0
DA:154,0
DA:155,0
DA:157,0
DA:158,0
DA:159,0
DA:160,0
DA:163,0
DA:167,3
LF:61
LH:7
BRDA:107,0,0,0
BRDA:107,0,1,0
BRDA:109,1,0,0
BRDA:109,1,1,0
BRF:4
BRH:0
end_of_record
TN:
SF:src/js/helpers.js
FN:5,changeSection
FN:19,linkCards
FN:21,(anonymous_2)
FN:28,appendBlogs
FN:60,appendComment
FN:73,appendComments
FN:82,appendBlogContent
FN:110,highlightEmoji
FN:123,toggleEmoji
FN:125,(anonymous_9)
FNF:10
FNH:6
FNDA:3,changeSection
FNDA:0,linkCards
FNDA:0,(anonymous_2)
FNDA:1,appendBlogs
FNDA:3,appendComment
FNDA:1,appendComments
FNDA:1,appendBlogContent
FNDA:1,highlightEmoji
FNDA:0,toggleEmoji
FNDA:0,(anonymous_9)
DA:1,4
DA:2,4
DA:3,4
DA:6,3
DA:7,3
DA:20,0
DA:21,0
DA:22,0
DA:23,0
DA:29,1
DA:30,1
DA:32,1
DA:33,1
DA:34,0
DA:36,1
DA:37,1
DA:38,1
DA:40,1
DA:41,1
DA:43,1
DA:44,1
DA:46,1
DA:47,1
DA:48,1
DA:50,1
DA:51,1
DA:53,1
DA:54,3
DA:55,3
DA:61,3
DA:62,3
DA:64,3
DA:65,3
DA:66,3
DA:68,3
DA:69,3
DA:74,1
DA:75,1
DA:76,1
DA:77,2
DA:83,1
DA:84,1
DA:86,1
DA:87,1
DA:89,1
DA:90,1
DA:92,1
DA:93,1
DA:95,1
DA:96,1
DA:98,1
DA:99,3
DA:100,3
DA:103,1
DA:104,1
DA:105,1
DA:107,1
DA:111,1
DA:112,1
DA:118,1
DA:119,4
DA:124,0
DA:125,0
DA:126,0
DA:130,4
LF:65
LH:57
BRDA:33,0,0,0
BRDA:33,0,1,1
BRDA:105,1,0,1
BRDA:105,1,1,0
BRF:4
BRH:2
end_of_record
TN:
SF:src/js/templates/blogTemplate.js
FN:7,blog
FNF:1
FNH:1
FNDA:2,blog
DA:1,4
DA:2,4
DA:8,2
DA:72,4
LF:4
LH:4
BRF:0
BRH:0
end_of_record
TN:
SF:src/js/templates/cardTemplate.js
FN:7,blogCard
FNF:1
FNH:1
FNDA:1,blogCard
DA:1,4
DA:2,4
DA:8,1
DA:68,4
LF:4
LH:4
BRF:0
BRH:0
end_of_record
TN:
SF:src/js/templates/commentTemplate.js
FN:1,commentTemplate
FNF:1
FNH:1
FNDA:3,commentTemplate
DA:2,3
DA:13,4
LF:2
LH:2
BRF:0
BRH:0
end_of_record
TN:
SF:src/js/templates/emojiTemplate.js
FN:1,emojiTemplate
FN:16,blogEmoji
FNF:2
FNH:2
FNDA:3,emojiTemplate
FNDA:7,blogEmoji
DA:2,3
DA:17,7
DA:32,4
LF:3
LH:3
BRF:0
BRH:0
end_of_record
